INFO:sim:172 - Generating IP...
Resolving generics for 'blockMem'...
Applying external generics to 'blockMem'...
Delivering associated files for 'blockMem'...
Delivering EJava files for 'blockMem'...
Generating implementation netlist for 'blockMem'...
INFO:sim - Pre-processing HDL files for 'blockMem'...
Running synthesis for 'blockMem'
Running ngcbuild...
Writing VHO instantiation template for 'blockMem'...
Writing VHDL behavioral simulation model for 'blockMem'...
WARNING:sim - Overwriting existing file X:/Windows
   Config/Desktop/neander/neanderImplementation/ipcore_dir/tmp/_cg/blockMem/doc/
   blk_mem_gen_v7_3_vinfo.html with file from view xilinx_documentation
Delivered 1 file into directory X:/Windows
Config/Desktop/neander/neanderImplementation/ipcore_dir/tmp/_cg/blockMem
Generating ASY schematic symbol...
INFO:sim:949 - Finished generation of ASY schematic symbol.
Generating SYM schematic symbol for 'blockMem'...
Generating metadata file...
Generating ISE project file for 'blockMem'...
Generating ISE project...
XCO file found: blockMem.xco
XMDF file found: blockMem_xmdf.tcl
Adding X:/Windows
Config/Desktop/neander/neanderImplementation/ipcore_dir/tmp/_cg/blockMem.asy
-view all -origin_type imported
Adding X:/Windows
Config/Desktop/neander/neanderImplementation/ipcore_dir/tmp/_cg/blockMem.ngc
-view all -origin_type created
Checking file "X:/Windows
Config/Desktop/neander/neanderImplementation/ipcore_dir/tmp/_cg/blockMem.ngc"
for project device match ...
File "X:/Windows
Config/Desktop/neander/neanderImplementation/ipcore_dir/tmp/_cg/blockMem.ngc"
device information matches project device.
Adding X:/Windows
Config/Desktop/neander/neanderImplementation/ipcore_dir/tmp/_cg/blockMem.sym
-view all -origin_type imported
Adding X:/Windows
Config/Desktop/neander/neanderImplementation/ipcore_dir/tmp/_cg/blockMem.vhd
-view all -origin_type created
INFO:HDLCompiler:1061 - Parsing VHDL file "X:/Windows
   Config/Desktop/neander/neanderImplementation/ipcore_dir/tmp/_cg/blockMem.vhd"
   into library work
INFO:ProjectMgmt - Parsing design hierarchy completed successfully.
Adding X:/Windows
Config/Desktop/neander/neanderImplementation/ipcore_dir/tmp/_cg/blockMem.vho
-view all -origin_type imported
INFO:TclTasksC:2116 - The automatic calculation of top has been turned-off.
   Please set the new top explicitly by running the "project set top" command.
   To re-calculate the new top automatically, set the "Auto Implementation Top"
   property to true.
Top level has been set to "/blockMem"
Generating README file...
Generating FLIST file...
INFO:sim:948 - Finished FLIST file generation.
Launching README viewer...
Moving files to output directory...
Finished moving files to output directory
Wrote CGP file for project 'blockMem'.
